[debug] [2025-05-15T15:55:17.336Z] ----------------------------------------------------------------------
[debug] [2025-05-15T15:55:17.342Z] Command:       C:\Program Files\nodejs\node.exe C:\Users\qc\AppData\Roaming\npm\node_modules\firebase-tools\lib\bin\firebase.js init
[debug] [2025-05-15T15:55:17.342Z] CLI Version:   13.34.0
[debug] [2025-05-15T15:55:17.343Z] Platform:      win32
[debug] [2025-05-15T15:55:17.343Z] Node Version:  v22.13.1
[debug] [2025-05-15T15:55:17.343Z] Time:          Thu May 15 2025 20:55:17 GMT+0500 (Pakistan Standard Time)
[debug] [2025-05-15T15:55:17.343Z] ----------------------------------------------------------------------
[debug] 
[debug] [2025-05-15T15:55:17.740Z] Object "" in "firebase.json" has unknown property: {"additionalProperty":"flutter"}
[debug] [2025-05-15T15:55:17.747Z] > command requires scopes: ["email","openid","https://www.googleapis.com/auth/cloudplatformprojects.readonly","https://www.googleapis.com/auth/firebase","https://www.googleapis.com/auth/cloud-platform"]
[debug] [2025-05-15T15:55:17.748Z] > authorizing via signed-in user (adeelchishti7378@gmail.com)
[debug] [2025-05-15T15:55:17.749Z] Object "" in "firebase.json" has unknown property: {"additionalProperty":"flutter"}
[info] 
     ######## #### ########  ######## ########     ###     ######  ########
     ##        ##  ##     ## ##       ##     ##  ##   ##  ##       ##
     ######    ##  ########  ######   ########  #########  ######  ######
     ##        ##  ##    ##  ##       ##     ## ##     ##       ## ##
     ##       #### ##     ## ######## ########  ##     ##  ######  ########

You're about to initialize a Firebase project in this directory:

  E:\StudioProjects\land

Before we get started, keep in mind:

  * You are initializing within an existing Firebase project directory

